<?xml version="1.0" encoding="UTF-8"?>
<!-- Generated by org.testng.reporters.JUnitReportReporter -->
<testsuite skipped="0" hostname="Venky" name="seleniumwithtestng.testngproject.AppTest" tests="1" failures="0" timestamp="2022-03-22T10:10:35 IST" time="12.346" errors="0">
  <testcase name="testcase_1" time="12.346" classname="seleniumwithtestng.testngproject.AppTest"/>
  <system-out/>
</testsuite> <!-- seleniumwithtestng.testngproject.AppTest -->
