<?xml version="1.0" encoding="UTF-8"?>
<!-- Generated by org.testng.reporters.JUnitReportReporter -->
<testsuite skipped="0" hostname="Venky" name="seleniumwithtestng.testngproject.AppTest" tests="1" failures="0" timestamp="2021-12-22T15:56:42 IST" time="6.855" errors="0">
  <testcase name="testcase_1" time="6.855" classname="seleniumwithtestng.testngproject.AppTest"/>
  <system-out/>
</testsuite> <!-- seleniumwithtestng.testngproject.AppTest -->
