<?xml version="1.0" encoding="UTF-8"?>
<!-- Generated by org.testng.reporters.JUnitReportReporter -->
<testsuite skipped="0" hostname="Venky" name="seleniumwithtestng.testngproject.AppTest" tests="1" failures="0" timestamp="2022-01-31T14:59:56 IST" time="12.945" errors="0">
  <testcase name="testcase_1" time="12.945" classname="seleniumwithtestng.testngproject.AppTest"/>
  <system-out/>
</testsuite> <!-- seleniumwithtestng.testngproject.AppTest -->
